Microsoft HTML Help Compiler 4.74.8702

Compiling c:\Users\hrcak\Desktop\HCI\Projekat\Help\Help.chm


Compile time: 0 minutes, 0 seconds
7	Topics
19	Local links
0	Internet links
1	Graphic


Created c:\Users\hrcak\Desktop\HCI\Projekat\Help\Help.chm, 13,429 bytes
Compression increased file by 4,587 bytes.
Microsoft HTML Help Compiler 4.74.8702

Compiling c:\Users\hrcak\Desktop\HCI\Projekat\Help\Help.chm


Compile time: 0 minutes, 0 seconds
7	Topics
19	Local links
0	Internet links
1	Graphic


Created c:\Users\hrcak\Desktop\HCI\Projekat\Help\Help.chm, 13,429 bytes
Compression increased file by 4,600 bytes.
Microsoft HTML Help Compiler 4.74.8702

Compiling c:\Users\hrcak\Desktop\HCI\Projekat\Help\Help.chm


Compile time: 0 minutes, 0 seconds
7	Topics
19	Local links
0	Internet links
1	Graphic


Created c:\Users\hrcak\Desktop\HCI\Projekat\Help\Help.chm, 16,375 bytes
Compression increased file by 4,792 bytes.
Microsoft HTML Help Compiler 4.74.8702

Compiling c:\Users\hrcak\Desktop\HCI\Projekat\Help\Help.chm


Compile time: 0 minutes, 0 seconds
7	Topics
19	Local links
0	Internet links
1	Graphic


Created c:\Users\hrcak\Desktop\HCI\Projekat\Help\Help.chm, 16,375 bytes
Compression increased file by 4,792 bytes.
